                                              contrast                                             group1  ...        SE       p.value
0    Dissection Dorsolateral prefrontal cortex DFC ...      Dissection Dorsolateral prefrontal cortex DFC  ...  0.007944  0.000000e+00
1    Dissection Dorsolateral prefrontal cortex DFC ...      Dissection Dorsolateral prefrontal cortex DFC  ...  0.008442  0.000000e+00
2    Dissection Dorsolateral prefrontal cortex DFC ...      Dissection Dorsolateral prefrontal cortex DFC  ...  0.007909  0.000000e+00
3    Dissection Dorsolateral prefrontal cortex DFC ...      Dissection Dorsolateral prefrontal cortex DFC  ...  0.007819  0.000000e+00
4    Dissection Dorsolateral prefrontal cortex DFC ...      Dissection Dorsolateral prefrontal cortex DFC  ...  0.008244  0.000000e+00
..                                                 ...                                                ...  ...       ...           ...
185  (Human Multiple Cortical Areas SMART-seq scvi)...            Human Multiple Cortical Areas SMART-seq  ...  0.004986  0.000000e+00
186  (Human Multiple Cortical Areas SMART-seq scvi)...            Human Multiple Cortical Areas SMART-seq  ...  0.004042  0.000000e+00
187  whole cortex scvi / (Whole Taxonomy / DLPFC Se...                                       whole cortex  ...  0.013997  3.552714e-14
188  whole cortex scvi / (Whole Taxonomy / MTG Seat...                                       whole cortex  ...  0.011499  1.146993e-02
189  (Whole Taxonomy / DLPFC Seattle Alzheimers Dis...  Whole Taxonomy - DLPFC Seattle Alzheimers Dise...  ...  0.011075  2.475020e-12

[190 rows x 8 columns]
0
0
0
0
0
0
0
0
0
0
