                                              contrast                                             group1  ...        SE       p.value
0    Dissection Dorsolateral prefrontal cortex DFC ...      Dissection Dorsolateral prefrontal cortex DFC  ...  0.006034  0.000000e+00
1    Dissection Dorsolateral prefrontal cortex DFC ...      Dissection Dorsolateral prefrontal cortex DFC  ...  0.006285  0.000000e+00
2    Dissection Dorsolateral prefrontal cortex DFC ...      Dissection Dorsolateral prefrontal cortex DFC  ...  0.005974  0.000000e+00
3    Dissection Dorsolateral prefrontal cortex DFC ...      Dissection Dorsolateral prefrontal cortex DFC  ...  0.006171  0.000000e+00
4    Dissection Dorsolateral prefrontal cortex DFC ...      Dissection Dorsolateral prefrontal cortex DFC  ...  0.006152  0.000000e+00
..                                                 ...                                                ...  ...       ...           ...
185  (Human Multiple Cortical Areas SMART-seq scvi)...            Human Multiple Cortical Areas SMART-seq  ...  0.005423  0.000000e+00
186  (Human Multiple Cortical Areas SMART-seq scvi)...            Human Multiple Cortical Areas SMART-seq  ...  0.004315  0.000000e+00
187  whole cortex scvi / (Whole Taxonomy / DLPFC Se...                                       whole cortex  ...  0.012825  0.000000e+00
188  whole cortex scvi / (Whole Taxonomy / MTG Seat...                                       whole cortex  ...  0.010316  7.313170e-02
189  (Whole Taxonomy / DLPFC Seattle Alzheimers Dis...  Whole Taxonomy - DLPFC Seattle Alzheimers Dise...  ...  0.009663  8.437695e-14

[190 rows x 8 columns]
0
0
0
0
0
0
0
0
0
0
