                                              contrast                                             group1  ...        SE       p.value
0    Dissection Dorsolateral prefrontal cortex DFC ...      Dissection Dorsolateral prefrontal cortex DFC  ...  0.005887  0.000000e+00
1    Dissection Dorsolateral prefrontal cortex DFC ...      Dissection Dorsolateral prefrontal cortex DFC  ...  0.006134  0.000000e+00
2    Dissection Dorsolateral prefrontal cortex DFC ...      Dissection Dorsolateral prefrontal cortex DFC  ...  0.005965  0.000000e+00
3    Dissection Dorsolateral prefrontal cortex DFC ...      Dissection Dorsolateral prefrontal cortex DFC  ...  0.006062  0.000000e+00
4    Dissection Dorsolateral prefrontal cortex DFC ...      Dissection Dorsolateral prefrontal cortex DFC  ...  0.006011  0.000000e+00
..                                                 ...                                                ...  ...       ...           ...
185  (Human Multiple Cortical Areas SMART-seq scvi)...            Human Multiple Cortical Areas SMART-seq  ...  0.005090  0.000000e+00
186  (Human Multiple Cortical Areas SMART-seq scvi)...            Human Multiple Cortical Areas SMART-seq  ...  0.004116  0.000000e+00
187  whole cortex scvi / (Whole Taxonomy / DLPFC Se...                                       whole cortex  ...  0.012026  0.000000e+00
188  whole cortex scvi / (Whole Taxonomy / MTG Seat...                                       whole cortex  ...  0.009859  2.261825e-01
189  (Whole Taxonomy / DLPFC Seattle Alzheimers Dis...  Whole Taxonomy - DLPFC Seattle Alzheimers Dise...  ...  0.009475  1.516565e-13

[190 rows x 8 columns]
0
0
0
0
0
0
0
0
0
0
