/space/grp/rschwartz/rschwartz/evaluation_summary.nf/bin/plot_cutoff.py:155: DtypeWarning: Columns (12,13) have mixed types. Specify dtype option on import or set low_memory=False.
  weighted_f1_results = pd.read_csv(args.weighted_f1_results, sep="\t")
/space/grp/rschwartz/rschwartz/evaluation_summary.nf/bin/plot_cutoff.py:157: DtypeWarning: Columns (15,18,19) have mixed types. Specify dtype option on import or set low_memory=False.
  label_f1_results = pd.read_csv(args.label_f1_results, sep="\t")
/space/grp/rschwartz/rschwartz/evaluation_summary.nf/bin/plot_cutoff.py:226: SettingWithCopyWarning: 
A value is trying to be set on a copy of a slice from a DataFrame.
Try using .loc[row_indexer,col_indexer] = value instead

See the caveats in the documentation: https://pandas.pydata.org/pandas-docs/stable/user_guide/indexing.html#returning-a-view-versus-a-copy
  weighted_subset[category] = weighted_subset[category].str.replace("_", " ")
/space/grp/rschwartz/rschwartz/evaluation_summary.nf/bin/plot_cutoff.py:226: SettingWithCopyWarning: 
A value is trying to be set on a copy of a slice from a DataFrame.
Try using .loc[row_indexer,col_indexer] = value instead

See the caveats in the documentation: https://pandas.pydata.org/pandas-docs/stable/user_guide/indexing.html#returning-a-view-versus-a-copy
  weighted_subset[category] = weighted_subset[category].str.replace("_", " ")
/space/grp/rschwartz/rschwartz/evaluation_summary.nf/bin/plot_cutoff.py:59: RuntimeWarning: More than 20 figures have been opened. Figures created through the pyplot interface (`matplotlib.pyplot.figure`) are retained until explicitly closed and may consume too much memory. (To control this warning, see the rcParam `figure.max_open_warning`). Consider using `matplotlib.pyplot.close()`.
  plt.figure(figsize=(22, 10))
/space/grp/rschwartz/rschwartz/evaluation_summary.nf/bin/plot_cutoff.py:226: SettingWithCopyWarning: 
A value is trying to be set on a copy of a slice from a DataFrame.
Try using .loc[row_indexer,col_indexer] = value instead

See the caveats in the documentation: https://pandas.pydata.org/pandas-docs/stable/user_guide/indexing.html#returning-a-view-versus-a-copy
  weighted_subset[category] = weighted_subset[category].str.replace("_", " ")
